{"buildInfo":{"version":"1.0.0"},"level":"debug","message":"Server listening on port 3601","service":"productMicroservice"}
{"buildInfo":{"version":"1.0.0"},"level":"debug","message":"Successfully connected to Mongo","service":"productMicroservice"}
{"buildInfo":{"version":"1.0.0"},"level":"debug","message":"Server listening on port 3601","service":"productMicroservice"}
{"buildInfo":{"version":"1.0.0"},"level":"debug","message":"Successfully connected to Mongo","service":"productMicroservice"}
{"buildInfo":{"version":"1.0.0"},"level":"info","message":"Received a request on http localhost:3601 localhost /myproduct/products /myproduct/products","service":"productMicroservice"}
{"buildInfo":{"version":"1.0.0"},"level":"info","message":"Request received:{\n    \"method\":\"GET\",\n    \"url\":\"/myproduct/products\",\n    \"status\":\"200\",\n    \"response-time\":\"response-time ms\"\n}","service":"productMicroservice"}
{"buildInfo":{"version":"1.0.0"},"level":"info","message":"Received a request on http localhost:3601 localhost /myproduct/carts /myproduct/carts","service":"productMicroservice"}
{"buildInfo":{"version":"1.0.0"},"level":"info","message":"Request received:{\n    \"method\":\"GET\",\n    \"url\":\"/myproduct/carts\",\n    \"status\":\"200\",\n    \"response-time\":\"response-time ms\"\n}","service":"productMicroservice"}
{"buildInfo":{"version":"1.0.0"},"level":"info","message":"Received a request on http localhost:3601 localhost /myproduct/ /myproduct/","service":"productMicroservice"}
{"buildInfo":{"version":"1.0.0"},"level":"info","message":"Request received:{\n    \"method\":\"GET\",\n    \"url\":\"/myproduct/\",\n    \"status\":\"200\",\n    \"response-time\":\"response-time ms\"\n}","service":"productMicroservice"}
{"buildInfo":{"version":"1.0.0"},"level":"info","message":"Received a request on http localhost:3601 localhost /myproduct/ /myproduct/","service":"productMicroservice"}
{"buildInfo":{"version":"1.0.0"},"level":"info","message":"Request received:{\n    \"method\":\"GET\",\n    \"url\":\"/myproduct/\",\n    \"status\":\"304\",\n    \"response-time\":\"response-time ms\"\n}","service":"productMicroservice"}
{"buildInfo":{"version":"1.0.0"},"level":"info","message":"Received a request on http localhost:3601 localhost /myproduct/ /myproduct/","service":"productMicroservice"}
{"buildInfo":{"version":"1.0.0"},"level":"info","message":"Request received:{\n    \"method\":\"GET\",\n    \"url\":\"/myproduct/\",\n    \"status\":\"304\",\n    \"response-time\":\"response-time ms\"\n}","service":"productMicroservice"}
{"buildInfo":{"version":"1.0.0"},"level":"debug","message":"Server listening on port 3601","service":"productMicroservice"}
{"buildInfo":{"version":"1.0.0"},"level":"debug","message":"Successfully connected to Mongo","service":"productMicroservice"}
{"buildInfo":{"version":"1.0.0"},"level":"info","message":"Received a request on http://localhost:3601//myproduct/","service":"productMicroservice"}
{"buildInfo":{"version":"1.0.0"},"level":"info","message":"Request received:{\n    \"method\":\"GET\",\n    \"url\":\"/myproduct/\",\n    \"status\":\"304\",\n    \"response-time\":\"response-time ms\"\n}","service":"productMicroservice"}
{"buildInfo":{"version":"1.0.0"},"level":"info","message":"Received a request on http://localhost:3601//myproduct/","service":"productMicroservice"}
{"buildInfo":{"version":"1.0.0"},"level":"info","message":"Request received:{\n    \"method\":\"GET\",\n    \"url\":\"/myproduct/\",\n    \"status\":\"304\",\n    \"response-time\":\"response-time ms\"\n}","service":"productMicroservice"}
{"buildInfo":{"version":"1.0.0"},"level":"info","message":"Received a request on http://localhost:3601//myproduct/","service":"productMicroservice"}
{"buildInfo":{"version":"1.0.0"},"level":"info","message":"Request received:{\n    \"method\":\"GET\",\n    \"url\":\"/myproduct/\",\n    \"status\":\"304\",\n    \"response-time\":\"response-time ms\"\n}","service":"productMicroservice"}
{"buildInfo":{"version":"1.0.0"},"level":"debug","message":"Server listening on port 3601","service":"productMicroservice"}
{"buildInfo":{"version":"1.0.0"},"level":"debug","message":"Successfully connected to Mongo","service":"productMicroservice"}
{"buildInfo":{"version":"1.0.0"},"level":"info","message":"Received a request on http://localhost:3601/myproduct/","service":"productMicroservice"}
{"buildInfo":{"version":"1.0.0"},"level":"info","message":"Request received:{\n    \"method\":\"GET\",\n    \"url\":\"/myproduct/\",\n    \"status\":\"200\",\n    \"response-time\":\"response-time ms\"\n}","service":"productMicroservice"}
{"buildInfo":{"version":"1.0.0"},"level":"info","message":"Received a request on http://localhost:3601/myproduct/","service":"productMicroservice"}
{"buildInfo":{"version":"1.0.0"},"level":"info","message":"Request received:{\n    \"method\":\"GET\",\n    \"url\":\"/myproduct/\",\n    \"status\":\"304\",\n    \"response-time\":\"response-time ms\"\n}","service":"productMicroservice"}
{"buildInfo":{"version":"1.0.0"},"level":"info","message":"Received a request on http://localhost:3601/myproduct/carts","service":"productMicroservice"}
{"buildInfo":{"version":"1.0.0"},"level":"info","message":"Request received:{\n    \"method\":\"GET\",\n    \"url\":\"/myproduct/carts\",\n    \"status\":\"200\",\n    \"response-time\":\"response-time ms\"\n}","service":"productMicroservice"}
{"buildInfo":{"version":"1.0.0"},"level":"info","message":"Received a request on http://localhost:3601/myproduct/carts","service":"productMicroservice"}
{"buildInfo":{"version":"1.0.0"},"level":"info","message":"Request received:{\n    \"method\":\"GET\",\n    \"url\":\"/myproduct/carts\",\n    \"status\":\"304\",\n    \"response-time\":\"response-time ms\"\n}","service":"productMicroservice"}
{"buildInfo":{"version":"1.0.0"},"level":"debug","message":"Server listening on port 3601","service":"productMicroservice"}
{"buildInfo":{"version":"1.0.0"},"level":"debug","message":"Successfully connected to Mongo","service":"productMicroservice"}
{"buildInfo":{"version":"1.0.0"},"level":"debug","message":"Server listening on port 3601","service":"productMicroservice"}
{"buildInfo":{"version":"1.0.0"},"level":"debug","message":"Successfully connected to Mongo","service":"productMicroservice"}
{"buildInfo":{"version":"1.0.0"},"level":"info","message":"Received a request on http://localhost:3601/myproduct/carts","service":"productMicroservice"}
{"buildInfo":{"version":"1.0.0"},"level":"info","message":"Request received:{\n    \"method\":\"GET\",\n    \"url\":\"/myproduct/carts\",\n    \"status\":\"200\",\n    \"response-time\":\"response-time ms\"\n}","service":"productMicroservice"}
{"buildInfo":{"version":"1.0.0"},"level":"info","message":"Received a request on http://localhost:3601/myproduct/","service":"productMicroservice"}
{"buildInfo":{"version":"1.0.0"},"level":"info","message":"Request received:{\n    \"method\":\"GET\",\n    \"url\":\"/myproduct/\",\n    \"status\":\"304\",\n    \"response-time\":\"response-time ms\"\n}","service":"productMicroservice"}
{"buildInfo":{"version":"1.0.0"},"level":"info","message":"Received a request on http://localhost:3601/myproduct/","service":"productMicroservice"}
{"buildInfo":{"version":"1.0.0"},"level":"info","message":"Request received:{\n    \"method\":\"GET\",\n    \"url\":\"/myproduct/\",\n    \"status\":\"304\",\n    \"response-time\":\"response-time ms\"\n}","service":"productMicroservice"}
{"buildInfo":{"version":"1.0.0"},"level":"info","message":"Received a request on http://localhost:3601/myproduct/","service":"productMicroservice"}
{"buildInfo":{"version":"1.0.0"},"level":"info","message":"Request received:{\n    \"method\":\"GET\",\n    \"url\":\"/myproduct/\",\n    \"status\":\"200\",\n    \"response-time\":\"response-time ms\"\n}","service":"productMicroservice"}
{"buildInfo":{"version":"1.0.0"},"level":"info","message":"Received a request on http://localhost:3601/myproduct/","service":"productMicroservice"}
{"buildInfo":{"version":"1.0.0"},"level":"info","message":"Request received:{\n    \"method\":\"GET\",\n    \"url\":\"/myproduct/\",\n    \"status\":\"304\",\n    \"response-time\":\"response-time ms\"\n}","service":"productMicroservice"}
{"buildInfo":{"version":"1.0.0"},"level":"info","message":"Received a request on http://localhost:3601/myproduct/","service":"productMicroservice"}
{"buildInfo":{"version":"1.0.0"},"level":"info","message":"Request received:{\n    \"method\":\"GET\",\n    \"url\":\"/myproduct/\",\n    \"status\":\"304\",\n    \"response-time\":\"response-time ms\"\n}","service":"productMicroservice"}
{"buildInfo":{"version":"1.0.0"},"level":"info","message":"Received a request on http://localhost:3601/myproduct/","service":"productMicroservice"}
{"buildInfo":{"version":"1.0.0"},"level":"info","message":"Request received:{\n    \"method\":\"GET\",\n    \"url\":\"/myproduct/\",\n    \"status\":\"200\",\n    \"response-time\":\"response-time ms\"\n}","service":"productMicroservice"}
{"buildInfo":{"version":"1.0.0"},"level":"info","message":"Received a request on http://localhost:3601/myproduct/","service":"productMicroservice"}
{"buildInfo":{"version":"1.0.0"},"level":"info","message":"Request received:{\n    \"method\":\"GET\",\n    \"url\":\"/myproduct/\",\n    \"status\":\"304\",\n    \"response-time\":\"response-time ms\"\n}","service":"productMicroservice"}
{"buildInfo":{"version":"1.0.0"},"level":"info","message":"Received a request on http://localhost:3601/myproduct/","service":"productMicroservice"}
{"buildInfo":{"version":"1.0.0"},"level":"info","message":"Request received:{\n    \"method\":\"GET\",\n    \"url\":\"/myproduct/\",\n    \"status\":\"304\",\n    \"response-time\":\"response-time ms\"\n}","service":"productMicroservice"}
{"buildInfo":{"version":"1.0.0"},"level":"info","message":"Received a request on http://localhost:3601/myproduct/","service":"productMicroservice"}
{"buildInfo":{"version":"1.0.0"},"level":"info","message":"Request received:{\n    \"method\":\"GET\",\n    \"url\":\"/myproduct/\",\n    \"status\":\"304\",\n    \"response-time\":\"response-time ms\"\n}","service":"productMicroservice"}
{"buildInfo":{"version":"1.0.0"},"level":"info","message":"Received a request on http://localhost:3601/myproduct/","service":"productMicroservice"}
{"buildInfo":{"version":"1.0.0"},"level":"info","message":"Request received:{\n    \"method\":\"GET\",\n    \"url\":\"/myproduct/\",\n    \"status\":\"304\",\n    \"response-time\":\"response-time ms\"\n}","service":"productMicroservice"}
{"buildInfo":{"version":"1.0.0"},"level":"info","message":"Received a request on http://localhost:3601/myproduct/","service":"productMicroservice"}
{"buildInfo":{"version":"1.0.0"},"level":"info","message":"Request received:{\n    \"method\":\"GET\",\n    \"url\":\"/myproduct/\",\n    \"status\":\"304\",\n    \"response-time\":\"response-time ms\"\n}","service":"productMicroservice"}
{"buildInfo":{"version":"1.0.0"},"level":"info","message":"Received a request on http://localhost:3601/myproduct/","service":"productMicroservice"}
{"buildInfo":{"version":"1.0.0"},"level":"info","message":"Request received:{\n    \"method\":\"GET\",\n    \"url\":\"/myproduct/\",\n    \"status\":\"304\",\n    \"response-time\":\"response-time ms\"\n}","service":"productMicroservice"}
{"buildInfo":{"version":"1.0.0"},"level":"info","message":"Received a request on http://localhost:3601/myproduct/","service":"productMicroservice"}
{"buildInfo":{"version":"1.0.0"},"level":"info","message":"Request received:{\n    \"method\":\"GET\",\n    \"url\":\"/myproduct/\",\n    \"status\":\"304\",\n    \"response-time\":\"response-time ms\"\n}","service":"productMicroservice"}
{"buildInfo":{"version":"1.0.0"},"level":"info","message":"Received a request on http://localhost:3601/myproduct/","service":"productMicroservice"}
{"buildInfo":{"version":"1.0.0"},"level":"info","message":"Request received:{\n    \"method\":\"GET\",\n    \"url\":\"/myproduct/\",\n    \"status\":\"304\",\n    \"response-time\":\"response-time ms\"\n}","service":"productMicroservice"}
{"buildInfo":{"version":"1.0.0"},"level":"info","message":"Received a request on http://localhost:3601/myproduct/","service":"productMicroservice"}
{"buildInfo":{"version":"1.0.0"},"level":"info","message":"Request received:{\n    \"method\":\"GET\",\n    \"url\":\"/myproduct/\",\n    \"status\":\"304\",\n    \"response-time\":\"response-time ms\"\n}","service":"productMicroservice"}
{"buildInfo":{"version":"1.0.0"},"level":"info","message":"Received a request on http://localhost:3601/myproduct/","service":"productMicroservice"}
{"buildInfo":{"version":"1.0.0"},"level":"info","message":"Request received:{\n    \"method\":\"GET\",\n    \"url\":\"/myproduct/\",\n    \"status\":\"304\",\n    \"response-time\":\"response-time ms\"\n}","service":"productMicroservice"}
{"buildInfo":{"version":"1.0.0"},"level":"info","message":"Received a request on http://localhost:3601/myproduct/","service":"productMicroservice"}
{"buildInfo":{"version":"1.0.0"},"level":"info","message":"Request received:{\n    \"method\":\"GET\",\n    \"url\":\"/myproduct/\",\n    \"status\":\"304\",\n    \"response-time\":\"response-time ms\"\n}","service":"productMicroservice"}
{"buildInfo":{"version":"1.0.0"},"level":"info","message":"Received a request on http://localhost:3601/myproduct/","service":"productMicroservice"}
{"buildInfo":{"version":"1.0.0"},"level":"info","message":"Request received:{\n    \"method\":\"GET\",\n    \"url\":\"/myproduct/\",\n    \"status\":\"304\",\n    \"response-time\":\"response-time ms\"\n}","service":"productMicroservice"}
{"buildInfo":{"version":"1.0.0"},"level":"info","message":"Received a request on http://localhost:3601/myproduct/","service":"productMicroservice"}
{"buildInfo":{"version":"1.0.0"},"level":"info","message":"Request received:{\n    \"method\":\"GET\",\n    \"url\":\"/myproduct/\",\n    \"status\":\"304\",\n    \"response-time\":\"response-time ms\"\n}","service":"productMicroservice"}
{"buildInfo":{"version":"1.0.0"},"level":"info","message":"Received a request on http://localhost:3601/myproduct/","service":"productMicroservice"}
{"buildInfo":{"version":"1.0.0"},"level":"info","message":"Request received:{\n    \"method\":\"GET\",\n    \"url\":\"/myproduct/\",\n    \"status\":\"304\",\n    \"response-time\":\"response-time ms\"\n}","service":"productMicroservice"}
{"buildInfo":{"version":"1.0.0"},"level":"info","message":"Received a request on http://localhost:3601/myproduct/","service":"productMicroservice"}
{"buildInfo":{"version":"1.0.0"},"level":"info","message":"Request received:{\n    \"method\":\"GET\",\n    \"url\":\"/myproduct/\",\n    \"status\":\"304\",\n    \"response-time\":\"response-time ms\"\n}","service":"productMicroservice"}
{"buildInfo":{"version":"1.0.0"},"level":"info","message":"Received a request on http://localhost:3601/myproduct/","service":"productMicroservice"}
{"buildInfo":{"version":"1.0.0"},"level":"info","message":"Request received:{\n    \"method\":\"GET\",\n    \"url\":\"/myproduct/\",\n    \"status\":\"304\",\n    \"response-time\":\"response-time ms\"\n}","service":"productMicroservice"}
{"buildInfo":{"version":"1.0.0"},"level":"info","message":"Received a request on http://localhost:3601/myproduct/","service":"productMicroservice"}
{"buildInfo":{"version":"1.0.0"},"level":"info","message":"Request received:{\n    \"method\":\"GET\",\n    \"url\":\"/myproduct/\",\n    \"status\":\"304\",\n    \"response-time\":\"response-time ms\"\n}","service":"productMicroservice"}
{"buildInfo":{"version":"1.0.0"},"level":"info","message":"Received a request on http://localhost:3601/myproduct/","service":"productMicroservice"}
{"buildInfo":{"version":"1.0.0"},"level":"info","message":"Request received:{\n    \"method\":\"GET\",\n    \"url\":\"/myproduct/\",\n    \"status\":\"304\",\n    \"response-time\":\"response-time ms\"\n}","service":"productMicroservice"}
{"buildInfo":{"version":"1.0.0"},"level":"info","message":"Received a request on http://localhost:3601/myproduct/","service":"productMicroservice"}
{"buildInfo":{"version":"1.0.0"},"level":"info","message":"Request received:{\n    \"method\":\"GET\",\n    \"url\":\"/myproduct/\",\n    \"status\":\"304\",\n    \"response-time\":\"response-time ms\"\n}","service":"productMicroservice"}
{"buildInfo":{"version":"1.0.0"},"level":"info","message":"Received a request on http://localhost:3601/myproduct/","service":"productMicroservice"}
{"buildInfo":{"version":"1.0.0"},"level":"info","message":"Request received:{\n    \"method\":\"GET\",\n    \"url\":\"/myproduct/\",\n    \"status\":\"304\",\n    \"response-time\":\"response-time ms\"\n}","service":"productMicroservice"}
{"buildInfo":{"version":"1.0.0"},"level":"debug","message":"Server listening on port 3601","service":"productMicroservice"}
{"buildInfo":{"version":"1.0.0"},"level":"debug","message":"Successfully connected to Mongo","service":"productMicroservice"}
{"buildInfo":{"version":"1.0.0"},"level":"info","message":"Received a request on http://localhost:3601/myproduct/products","service":"productMicroservice"}
{"buildInfo":{"version":"1.0.0"},"level":"info","message":"Request received:{\n    \"method\":\"GET\",\n    \"url\":\"/myproduct/products\",\n    \"status\":\"200\",\n    \"response-time\":\"response-time ms\"\n}","service":"productMicroservice"}
{"buildInfo":{"version":"1.0.0"},"level":"debug","message":"Server listening on port 3601","service":"productMicroservice"}
{"buildInfo":{"version":"1.0.0"},"level":"debug","message":"Successfully connected to Mongo","service":"productMicroservice"}
{"buildInfo":{"version":"1.0.0"},"level":"debug","message":"Server listening on port 3601","service":"productMicroservice"}
{"buildInfo":{"version":"1.0.0"},"level":"debug","message":"Server listening on port 3601","service":"productMicroservice"}
{"buildInfo":{"version":"1.0.0"},"level":"debug","message":"Successfully connected to Mongo","service":"productMicroservice"}
{"buildInfo":{"version":"1.0.0"},"level":"info","message":"Received a request on http://localhost:3601/","service":"productMicroservice"}
{"buildInfo":{"version":"1.0.0"},"error":{"statusCode":404},"level":"error","message":"Path not found","service":"productMicroservice","stacktrace":"Error: Path not found\n    at C:\\Users\\User\\angular\\node-microservices\\productsMicroservice\\src\\app.ts:38:8\n    at Layer.handleRequest (C:\\Users\\User\\angular\\node-microservices\\productsMicroservice\\node_modules\\router\\lib\\layer.js:152:17)\n    at trimPrefix (C:\\Users\\User\\angular\\node-microservices\\productsMicroservice\\node_modules\\router\\index.js:342:13)\n    at C:\\Users\\User\\angular\\node-microservices\\productsMicroservice\\node_modules\\router\\index.js:297:9\n    at processParams (C:\\Users\\User\\angular\\node-microservices\\productsMicroservice\\node_modules\\router\\index.js:582:12)\n    at next (C:\\Users\\User\\angular\\node-microservices\\productsMicroservice\\node_modules\\router\\index.js:291:5)\n    at C:\\Users\\User\\angular\\node-microservices\\productsMicroservice\\src\\app.ts:30:3\n    at Layer.handleRequest (C:\\Users\\User\\angular\\node-microservices\\productsMicroservice\\node_modules\\router\\lib\\layer.js:152:17)\n    at trimPrefix (C:\\Users\\User\\angular\\node-microservices\\productsMicroservice\\node_modules\\router\\index.js:342:13)\n    at C:\\Users\\User\\angular\\node-microservices\\productsMicroservice\\node_modules\\router\\index.js:297:9"}
{"buildInfo":{"version":"1.0.0"},"level":"info","message":"Request received:{\n    \"method\":\"GET\",\n    \"url\":\"/\",\n    \"status\":\"404\",\n    \"response-time\":\"response-time ms\"\n}","service":"productMicroservice"}
{"buildInfo":{"version":"1.0.0"},"level":"info","message":"Request received:{\n    \"method\":\"GET\",\n    \"url\":\"/favicon.ico\",\n    \"status\":\"200\",\n    \"response-time\":\"response-time ms\"\n}","service":"productMicroservice"}
{"buildInfo":{"version":"1.0.0"},"level":"info","message":"Received a request on http://localhost:3601/products","service":"productMicroservice"}
{"buildInfo":{"version":"1.0.0"},"error":{"statusCode":404},"level":"error","message":"Path not found","service":"productMicroservice","stacktrace":"Error: Path not found\n    at C:\\Users\\User\\angular\\node-microservices\\productsMicroservice\\src\\app.ts:38:8\n    at Layer.handleRequest (C:\\Users\\User\\angular\\node-microservices\\productsMicroservice\\node_modules\\router\\lib\\layer.js:152:17)\n    at trimPrefix (C:\\Users\\User\\angular\\node-microservices\\productsMicroservice\\node_modules\\router\\index.js:342:13)\n    at C:\\Users\\User\\angular\\node-microservices\\productsMicroservice\\node_modules\\router\\index.js:297:9\n    at processParams (C:\\Users\\User\\angular\\node-microservices\\productsMicroservice\\node_modules\\router\\index.js:582:12)\n    at next (C:\\Users\\User\\angular\\node-microservices\\productsMicroservice\\node_modules\\router\\index.js:291:5)\n    at C:\\Users\\User\\angular\\node-microservices\\productsMicroservice\\src\\app.ts:30:3\n    at Layer.handleRequest (C:\\Users\\User\\angular\\node-microservices\\productsMicroservice\\node_modules\\router\\lib\\layer.js:152:17)\n    at trimPrefix (C:\\Users\\User\\angular\\node-microservices\\productsMicroservice\\node_modules\\router\\index.js:342:13)\n    at C:\\Users\\User\\angular\\node-microservices\\productsMicroservice\\node_modules\\router\\index.js:297:9"}
{"buildInfo":{"version":"1.0.0"},"level":"info","message":"Request received:{\n    \"method\":\"GET\",\n    \"url\":\"/products\",\n    \"status\":\"404\",\n    \"response-time\":\"response-time ms\"\n}","service":"productMicroservice"}
{"buildInfo":{"version":"1.0.0"},"level":"info","message":"Received a request on http://localhost:3601/myproduct/products","service":"productMicroservice"}
{"buildInfo":{"version":"1.0.0"},"level":"info","message":"Request received:{\n    \"method\":\"GET\",\n    \"url\":\"/myproduct/products\",\n    \"status\":\"200\",\n    \"response-time\":\"response-time ms\"\n}","service":"productMicroservice"}
